r2-navigator/build/intermediates/manifest_merge_blame_file/debug/manifest-merger-blame-debug-report.txt
1<?xml version="1.0" encoding="utf-8"?>
2<!--
3  ~ Module: r2-navigator-kotlin
4  ~ Developers: Aferdita Muriqi, Clément Baumann
5  ~
6  ~ Copyright (c) 2018. Readium Foundation. All rights reserved.
7  ~ Use of this source code is governed by a BSD-style license which is detailed in the
8  ~ LICENSE file present in the project repository where this source code is maintained.
9-->
10<manifest xmlns:android="http://schemas.android.com/apk/res/android"
11    xmlns:tools="http://schemas.android.com/tools"
12    package="org.readium.r2.navigator" >
13
14    <uses-sdk
15        android:minSdkVersion="21"
15-->src\main\AndroidManifest.xml
16        android:targetSdkVersion="29" />
16-->src\main\AndroidManifest.xml
17
18    <uses-permission
18-->src\main\AndroidManifest.xml:14:3-16:43
19        android:name="android.permission.WRITE_SETTINGS"
19-->src\main\AndroidManifest.xml:15:5-53
20        tools:ignore="ProtectedPermissions" />
20-->src\main\AndroidManifest.xml:16:5-40
21
22    <application
22-->src\main\AndroidManifest.xml:18:3-36:17
23        android:allowBackup="false"
23-->src\main\AndroidManifest.xml:19:5-32
24        android:supportsRtl="true"
24-->src\main\AndroidManifest.xml:20:5-31
25        tools:replace="android:allowBackup" >
25-->src\main\AndroidManifest.xml:21:5-40
26        <activity
26-->src\main\AndroidManifest.xml:23:5-25:41
27            android:name="org.readium.r2.navigator.epub.R2EpubActivity"
27-->src\main\AndroidManifest.xml:24:7-42
28            android:theme="@style/AppTheme" />
28-->src\main\AndroidManifest.xml:25:7-38
29        <activity
29-->src\main\AndroidManifest.xml:26:5-28:41
30            android:name="org.readium.r2.navigator.cbz.R2CbzActivity"
30-->src\main\AndroidManifest.xml:27:7-40
31            android:theme="@style/AppTheme" />
31-->src\main\AndroidManifest.xml:28:7-38
32        <activity
32-->src\main\AndroidManifest.xml:29:5-31:41
33            android:name="org.readium.r2.navigator.audiobook.R2AudiobookActivity"
33-->src\main\AndroidManifest.xml:30:7-52
34            android:theme="@style/AppTheme" />
34-->src\main\AndroidManifest.xml:31:7-38
35        <activity
35-->src\main\AndroidManifest.xml:32:5-34:41
36            android:name="org.readium.r2.navigator.divina.R2DiViNaActivity"
36-->src\main\AndroidManifest.xml:33:7-46
37            android:theme="@style/AppTheme" />
37-->src\main\AndroidManifest.xml:34:7-38
38    </application>
39
40</manifest>